#
# There is insufficient memory for the Java Runtime Environment to continue.
# Native memory allocation (malloc) failed to allocate 368896 bytes for Chunk::new
# Possible reasons:
#   The system is out of physical RAM or swap space
#   The process is running with CompressedOops enabled, and the Java Heap may be blocking the growth of the native heap
# Possible solutions:
#   Reduce memory load on the system
#   Increase physical memory or swap space
#   Check if swap backing store is full
#   Decrease Java heap size (-Xmx/-Xms)
#   Decrease number of Java threads
#   Decrease Java thread stack sizes (-Xss)
#   Set larger code cache with -XX:ReservedCodeCacheSize=
#   JVM is running with Unscaled Compressed Oops mode in which the Java heap is
#     placed in the first 4GB address space. The Java Heap base address is the
#     maximum limit for the native heap growth. Please use -XX:HeapBaseMinAddress
#     to set the Java Heap base and to place the Java Heap above 4GB virtual address.
# This output file may be truncated or incomplete.
#
#  Out of Memory Error (arena.cpp:168), pid=34040, tid=12856
#
# JRE version: Java(TM) SE Runtime Environment (21.0.7+8) (build 21.0.7+8-LTS-245)
# Java VM: Java HotSpot(TM) 64-Bit Server VM (21.0.7+8-LTS-245, mixed mode, sharing, tiered, compressed oops, compressed class ptrs, g1 gc, windows-amd64)
# No core dump will be written. Minidumps are not enabled by default on client versions of Windows
#

---------------  S U M M A R Y ------------

Command Line: -Xms128m -Xmx512m C:\Users\pavan\AppData\Local\Temp\surefire6732732851755828377\surefirebooter-20250501101938462_3.jar C:\Users\pavan\AppData\Local\Temp\surefire6732732851755828377 2025-05-01T10-19-38_319-jvmRun1 surefire-20250501101938462_1tmp surefire_0-20250501101938462_2tmp

Host: Intel(R) Core(TM) i5-10210U CPU @ 1.60GHz, 8 cores, 19G,  Windows 11 , 64 bit Build 22621 (10.0.22621.5262)
Time: Thu May  1 10:20:04 2025 India Standard Time elapsed time: 25.174762 seconds (0d 0h 0m 25s)

---------------  T H R E A D  ---------------

Current thread (0x0000014867ab7500):  JavaThread "C2 CompilerThread0" daemon [_thread_in_native, id=12856, stack(0x0000000bd2700000,0x0000000bd2800000) (1024K)]


Current CompileTask:
C2:  25206 3047       4       jdk.nio.zipfs.ZipFileSystem::makeParentDirs (133 bytes)

Stack: [0x0000000bd2700000,0x0000000bd2800000]
Native frames: (J=compiled Java code, j=interpreted, Vv=VM code, C=native code)
V  [jvm.dll+0x6cae19]
V  [jvm.dll+0x855741]
V  [jvm.dll+0x857c6e]
V  [jvm.dll+0x858343]
V  [jvm.dll+0x27e0b6]
V  [jvm.dll+0xc4ecd]
V  [jvm.dll+0xc5403]
V  [jvm.dll+0x2f145d]
V  [jvm.dll+0x5f5a8a]
V  [jvm.dll+0x24fbc2]
V  [jvm.dll+0x24ff7f]
V  [jvm.dll+0x248a9c]
V  [jvm.dll+0x246004]
V  [jvm.dll+0x1c6efe]
V  [jvm.dll+0x255819]
V  [jvm.dll+0x253daa]
V  [jvm.dll+0x3eebb6]
V  [jvm.dll+0x7ffa1b]
V  [jvm.dll+0x6c94fd]
C  [ucrtbase.dll+0x29333]
C  [KERNEL32.DLL+0x1259d]
C  [ntdll.dll+0x5af58]


---------------  P R O C E S S  ---------------

Threads class SMR info:
_java_thread_list=0x000001486cc52850, length=19, elements={
0x000001484ad74840, 0x0000014867aa60e0, 0x0000014867aa6ff0, 0x0000014867aac370,
0x0000014867aacef0, 0x0000014867aaf220, 0x0000014867ab1e20, 0x0000014867ab7500,
0x0000014867ab8730, 0x0000014867ab03e0, 0x0000014867ab0a70, 0x0000014867ab31d0,
0x0000014867ab24b0, 0x0000014867ab3860, 0x0000014867ab1100, 0x0000014867ab1790,
0x0000014867ab2b40, 0x000001486d01be60, 0x000001486d020d20
}

Java Threads: ( => current thread )
  0x000001484ad74840 JavaThread "main"                              [_thread_in_vm, id=32660, stack(0x0000000bd1900000,0x0000000bd1a00000) (1024K)]
  0x0000014867aa60e0 JavaThread "Reference Handler"          daemon [_thread_blocked, id=31248, stack(0x0000000bd2100000,0x0000000bd2200000) (1024K)]
  0x0000014867aa6ff0 JavaThread "Finalizer"                  daemon [_thread_blocked, id=14592, stack(0x0000000bd2200000,0x0000000bd2300000) (1024K)]
  0x0000014867aac370 JavaThread "Signal Dispatcher"          daemon [_thread_blocked, id=28948, stack(0x0000000bd2300000,0x0000000bd2400000) (1024K)]
  0x0000014867aacef0 JavaThread "Attach Listener"            daemon [_thread_blocked, id=27228, stack(0x0000000bd2400000,0x0000000bd2500000) (1024K)]
  0x0000014867aaf220 JavaThread "Service Thread"             daemon [_thread_blocked, id=2496, stack(0x0000000bd2500000,0x0000000bd2600000) (1024K)]
  0x0000014867ab1e20 JavaThread "Monitor Deflation Thread"   daemon [_thread_blocked, id=19672, stack(0x0000000bd2600000,0x0000000bd2700000) (1024K)]
=>0x0000014867ab7500 JavaThread "C2 CompilerThread0"         daemon [_thread_in_native, id=12856, stack(0x0000000bd2700000,0x0000000bd2800000) (1024K)]
  0x0000014867ab8730 JavaThread "C1 CompilerThread0"         daemon [_thread_in_vm, id=28168, stack(0x0000000bd2800000,0x0000000bd2900000) (1024K)]
  0x0000014867ab03e0 JavaThread "Notification Thread"        daemon [_thread_blocked, id=27128, stack(0x0000000bd2900000,0x0000000bd2a00000) (1024K)]
  0x0000014867ab0a70 JavaThread "Common-Cleaner"             daemon [_thread_blocked, id=27748, stack(0x0000000bd2a00000,0x0000000bd2b00000) (1024K)]
  0x0000014867ab31d0 JavaThread "surefire-forkedjvm-stream-flusher" daemon [_thread_blocked, id=31340, stack(0x0000000bd2c00000,0x0000000bd2d00000) (1024K)]
  0x0000014867ab24b0 JavaThread "surefire-forkedjvm-command-thread" daemon [_thread_in_native, id=18364, stack(0x0000000bd2d00000,0x0000000bd2e00000) (1024K)]
  0x0000014867ab3860 JavaThread "ForkJoinPool.commonPool-worker-1" daemon [_thread_blocked, id=31088, stack(0x0000000bd3600000,0x0000000bd3700000) (1024K)]
  0x0000014867ab1100 JavaThread "ForkJoinPool.commonPool-worker-2" daemon [_thread_blocked, id=35420, stack(0x0000000bd3700000,0x0000000bd3800000) (1024K)]
  0x0000014867ab1790 JavaThread "ForkJoinPool.commonPool-worker-3" daemon [_thread_blocked, id=30360, stack(0x0000000bd3800000,0x0000000bd3900000) (1024K)]
  0x0000014867ab2b40 JavaThread "ForkJoinPool.commonPool-worker-4" daemon [_thread_blocked, id=15920, stack(0x0000000bd3900000,0x0000000bd3a00000) (1024K)]
  0x000001486d01be60 JavaThread "TestNG-tests-1"                    [_thread_in_vm, id=23816, stack(0x0000000bd3a00000,0x0000000bd3b00000) (1024K)]
  0x000001486d020d20 JavaThread "TestNG-tests-2"                    [_thread_in_vm, id=30508, stack(0x0000000bd3b00000,0x0000000bd3c00000) (1024K)]
Total: 19

Other Threads:
  0x0000014867a8b0d0 VMThread "VM Thread"                           [id=20108, stack(0x0000000bd2000000,0x0000000bd2100000) (1024K)] _threads_hazard_ptr=0x000001486cc52850
  0x0000014867a797c0 WatcherThread "VM Periodic Task Thread"        [id=32712, stack(0x0000000bd1f00000,0x0000000bd2000000) (1024K)]
  0x000001484cf07b70 WorkerThread "GC Thread#0"                     [id=24092, stack(0x0000000bd1a00000,0x0000000bd1b00000) (1024K)]
  0x000001486ce70cc0 WorkerThread "GC Thread#1"                     [id=16944, stack(0x0000000bd2f00000,0x0000000bd3000000) (1024K)]
  0x000001486cbe8490 WorkerThread "GC Thread#2"                     [id=20656, stack(0x0000000bd3000000,0x0000000bd3100000) (1024K)]
  0x000001486cc7b3c0 WorkerThread "GC Thread#3"                     [id=32720, stack(0x0000000bd3100000,0x0000000bd3200000) (1024K)]
  0x000001486cdca210 WorkerThread "GC Thread#4"                     [id=22748, stack(0x0000000bd3200000,0x0000000bd3300000) (1024K)]
  0x000001486cdca5b0 WorkerThread "GC Thread#5"                     [id=12524, stack(0x0000000bd3300000,0x0000000bd3400000) (1024K)]
  0x000001486cdca950 WorkerThread "GC Thread#6"                     [id=18640, stack(0x0000000bd3400000,0x0000000bd3500000) (1024K)]
  0x000001486cdd3110 WorkerThread "GC Thread#7"                     [id=22436, stack(0x0000000bd3500000,0x0000000bd3600000) (1024K)]
  0x000001484cf0d360 ConcurrentGCThread "G1 Main Marker"            [id=19448, stack(0x0000000bd1b00000,0x0000000bd1c00000) (1024K)]
  0x000001484cf0e010 WorkerThread "G1 Conc#0"                       [id=29288, stack(0x0000000bd1c00000,0x0000000bd1d00000) (1024K)]
  0x00000148679414a0 ConcurrentGCThread "G1 Refine#0"               [id=17668, stack(0x0000000bd1d00000,0x0000000bd1e00000) (1024K)]
  0x000001484cf9a040 ConcurrentGCThread "G1 Service"                [id=3116, stack(0x0000000bd1e00000,0x0000000bd1f00000) (1024K)]
Total: 14

Threads with active compile tasks:
C2 CompilerThread0    25656 3047       4       jdk.nio.zipfs.ZipFileSystem::makeParentDirs (133 bytes)
C1 CompilerThread0    25656 3164   !   3       java.util.concurrent.locks.LockSupport::parkNanos (56 bytes)
Total: 2

VM state: synchronizing (normal execution)

VM Mutex/Monitor currently owned by a thread:  ([mutex/lock_event])
[0x00007ffcdc17be50] Metaspace_lock - owner thread: 0x000001486d020d20
[0x00007ffcdc17de50] Threads_lock - owner thread: 0x0000014867a8b0d0

Heap address: 0x00000000e0000000, size: 512 MB, Compressed Oops mode: 32-bit

CDS archive(s) mapped at: [0x0000014800000000-0x0000014800c90000-0x0000014800c90000), size 13172736, SharedBaseAddress: 0x0000014800000000, ArchiveRelocationMode: 1.
Compressed class space mapped at: 0x0000014801000000-0x0000014841000000, reserved size: 1073741824
Narrow klass base: 0x0000014800000000, Narrow klass shift: 0, Narrow klass range: 0x100000000

GC Precious Log:
 CardTable entry size: 512
 Card Set container configuration: InlinePtr #cards 5 size 8 Array Of Cards #cards 12 size 40 Howl #buckets 4 coarsen threshold 1843 Howl Bitmap #cards 512 size 80 coarsen threshold 460 Card regions per heap region 1 cards per card region 2048
 CPUs: 8 total, 8 available
 Memory: 20294M
 Large Page Support: Disabled
 NUMA Support: Disabled
 Compressed Oops: Enabled (32-bit)
 Heap Region Size: 1M
 Heap Min Capacity: 128M
 Heap Initial Capacity: 128M
 Heap Max Capacity: 512M
 Pre-touch: Disabled
 Parallel Workers: 8
 Concurrent Workers: 2
 Concurrent Refinement Workers: 8
 Periodic GC: Disabled

Heap:
 garbage-first heap   total 131072K, used 43927K [0x00000000e0000000, 0x0000000100000000)
  region size 1024K, 41 young (41984K), 3 survivors (3072K)
 Metaspace       used 15839K, committed 16192K, reserved 1114112K
  class space    used 1803K, committed 1984K, reserved 1048576K

Heap Regions: E=young(eden), S=young(survivor), O=old, HS=humongous(starts), HC=humongous(continues), CS=collection set, F=free, TAMS=top-at-mark-start, PB=parsable bottom
|   0|0x00000000e0000000, 0x00000000e0100000, 0x00000000e0100000|100%| O|  |TAMS 0x00000000e0000000| PB 0x00000000e0000000| Untracked 
|   1|0x00000000e0100000, 0x00000000e0200000, 0x00000000e0200000|100%| O|  |TAMS 0x00000000e0100000| PB 0x00000000e0100000| Untracked 
|   2|0x00000000e0200000, 0x00000000e0300000, 0x00000000e0300000|100%| O|  |TAMS 0x00000000e0200000| PB 0x00000000e0200000| Untracked 
|   3|0x00000000e0300000, 0x00000000e0400000, 0x00000000e0400000|100%| O|  |TAMS 0x00000000e0300000| PB 0x00000000e0300000| Untracked 
|   4|0x00000000e0400000, 0x00000000e04b9dc0, 0x00000000e0500000| 72%| O|  |TAMS 0x00000000e0400000| PB 0x00000000e0400000| Untracked 
|   5|0x00000000e0500000, 0x00000000e0500000, 0x00000000e0600000|  0%| F|  |TAMS 0x00000000e0500000| PB 0x00000000e0500000| Untracked 
|   6|0x00000000e0600000, 0x00000000e0600000, 0x00000000e0700000|  0%| F|  |TAMS 0x00000000e0600000| PB 0x00000000e0600000| Untracked 
|   7|0x00000000e0700000, 0x00000000e0700000, 0x00000000e0800000|  0%| F|  |TAMS 0x00000000e0700000| PB 0x00000000e0700000| Untracked 
|   8|0x00000000e0800000, 0x00000000e0800000, 0x00000000e0900000|  0%| F|  |TAMS 0x00000000e0800000| PB 0x00000000e0800000| Untracked 
|   9|0x00000000e0900000, 0x00000000e0900000, 0x00000000e0a00000|  0%| F|  |TAMS 0x00000000e0900000| PB 0x00000000e0900000| Untracked 
|  10|0x00000000e0a00000, 0x00000000e0a00000, 0x00000000e0b00000|  0%| F|  |TAMS 0x00000000e0a00000| PB 0x00000000e0a00000| Untracked 
|  11|0x00000000e0b00000, 0x00000000e0b00000, 0x00000000e0c00000|  0%| F|  |TAMS 0x00000000e0b00000| PB 0x00000000e0b00000| Untracked 
|  12|0x00000000e0c00000, 0x00000000e0c00000, 0x00000000e0d00000|  0%| F|  |TAMS 0x00000000e0c00000| PB 0x00000000e0c00000| Untracked 
|  13|0x00000000e0d00000, 0x00000000e0d00000, 0x00000000e0e00000|  0%| F|  |TAMS 0x00000000e0d00000| PB 0x00000000e0d00000| Untracked 
|  14|0x00000000e0e00000, 0x00000000e0e00000, 0x00000000e0f00000|  0%| F|  |TAMS 0x00000000e0e00000| PB 0x00000000e0e00000| Untracked 
|  15|0x00000000e0f00000, 0x00000000e0f00000, 0x00000000e1000000|  0%| F|  |TAMS 0x00000000e0f00000| PB 0x00000000e0f00000| Untracked 
|  16|0x00000000e1000000, 0x00000000e1000000, 0x00000000e1100000|  0%| F|  |TAMS 0x00000000e1000000| PB 0x00000000e1000000| Untracked 
|  17|0x00000000e1100000, 0x00000000e1100000, 0x00000000e1200000|  0%| F|  |TAMS 0x00000000e1100000| PB 0x00000000e1100000| Untracked 
|  18|0x00000000e1200000, 0x00000000e1200000, 0x00000000e1300000|  0%| F|  |TAMS 0x00000000e1200000| PB 0x00000000e1200000| Untracked 
|  19|0x00000000e1300000, 0x00000000e1300000, 0x00000000e1400000|  0%| F|  |TAMS 0x00000000e1300000| PB 0x00000000e1300000| Untracked 
|  20|0x00000000e1400000, 0x00000000e1400000, 0x00000000e1500000|  0%| F|  |TAMS 0x00000000e1400000| PB 0x00000000e1400000| Untracked 
|  21|0x00000000e1500000, 0x00000000e1500000, 0x00000000e1600000|  0%| F|  |TAMS 0x00000000e1500000| PB 0x00000000e1500000| Untracked 
|  22|0x00000000e1600000, 0x00000000e1600000, 0x00000000e1700000|  0%| F|  |TAMS 0x00000000e1600000| PB 0x00000000e1600000| Untracked 
|  23|0x00000000e1700000, 0x00000000e1700000, 0x00000000e1800000|  0%| F|  |TAMS 0x00000000e1700000| PB 0x00000000e1700000| Untracked 
|  24|0x00000000e1800000, 0x00000000e1800000, 0x00000000e1900000|  0%| F|  |TAMS 0x00000000e1800000| PB 0x00000000e1800000| Untracked 
|  25|0x00000000e1900000, 0x00000000e1900000, 0x00000000e1a00000|  0%| F|  |TAMS 0x00000000e1900000| PB 0x00000000e1900000| Untracked 
|  26|0x00000000e1a00000, 0x00000000e1a00000, 0x00000000e1b00000|  0%| F|  |TAMS 0x00000000e1a00000| PB 0x00000000e1a00000| Untracked 
|  27|0x00000000e1b00000, 0x00000000e1b00000, 0x00000000e1c00000|  0%| F|  |TAMS 0x00000000e1b00000| PB 0x00000000e1b00000| Untracked 
|  28|0x00000000e1c00000, 0x00000000e1c00000, 0x00000000e1d00000|  0%| F|  |TAMS 0x00000000e1c00000| PB 0x00000000e1c00000| Untracked 
|  29|0x00000000e1d00000, 0x00000000e1d00000, 0x00000000e1e00000|  0%| F|  |TAMS 0x00000000e1d00000| PB 0x00000000e1d00000| Untracked 
|  30|0x00000000e1e00000, 0x00000000e1e00000, 0x00000000e1f00000|  0%| F|  |TAMS 0x00000000e1e00000| PB 0x00000000e1e00000| Untracked 
|  31|0x00000000e1f00000, 0x00000000e1f00000, 0x00000000e2000000|  0%| F|  |TAMS 0x00000000e1f00000| PB 0x00000000e1f00000| Untracked 
|  32|0x00000000e2000000, 0x00000000e2000000, 0x00000000e2100000|  0%| F|  |TAMS 0x00000000e2000000| PB 0x00000000e2000000| Untracked 
|  33|0x00000000e2100000, 0x00000000e2100000, 0x00000000e2200000|  0%| F|  |TAMS 0x00000000e2100000| PB 0x00000000e2100000| Untracked 
|  34|0x00000000e2200000, 0x00000000e2200000, 0x00000000e2300000|  0%| F|  |TAMS 0x00000000e2200000| PB 0x00000000e2200000| Untracked 
|  35|0x00000000e2300000, 0x00000000e2300000, 0x00000000e2400000|  0%| F|  |TAMS 0x00000000e2300000| PB 0x00000000e2300000| Untracked 
|  36|0x00000000e2400000, 0x00000000e2400000, 0x00000000e2500000|  0%| F|  |TAMS 0x00000000e2400000| PB 0x00000000e2400000| Untracked 
|  37|0x00000000e2500000, 0x00000000e2500000, 0x00000000e2600000|  0%| F|  |TAMS 0x00000000e2500000| PB 0x00000000e2500000| Untracked 
|  38|0x00000000e2600000, 0x00000000e2600000, 0x00000000e2700000|  0%| F|  |TAMS 0x00000000e2600000| PB 0x00000000e2600000| Untracked 
|  39|0x00000000e2700000, 0x00000000e2700000, 0x00000000e2800000|  0%| F|  |TAMS 0x00000000e2700000| PB 0x00000000e2700000| Untracked 
|  40|0x00000000e2800000, 0x00000000e2800000, 0x00000000e2900000|  0%| F|  |TAMS 0x00000000e2800000| PB 0x00000000e2800000| Untracked 
|  41|0x00000000e2900000, 0x00000000e2900000, 0x00000000e2a00000|  0%| F|  |TAMS 0x00000000e2900000| PB 0x00000000e2900000| Untracked 
|  42|0x00000000e2a00000, 0x00000000e2a00000, 0x00000000e2b00000|  0%| F|  |TAMS 0x00000000e2a00000| PB 0x00000000e2a00000| Untracked 
|  43|0x00000000e2b00000, 0x00000000e2b00000, 0x00000000e2c00000|  0%| F|  |TAMS 0x00000000e2b00000| PB 0x00000000e2b00000| Untracked 
|  44|0x00000000e2c00000, 0x00000000e2c00000, 0x00000000e2d00000|  0%| F|  |TAMS 0x00000000e2c00000| PB 0x00000000e2c00000| Untracked 
|  45|0x00000000e2d00000, 0x00000000e2d00000, 0x00000000e2e00000|  0%| F|  |TAMS 0x00000000e2d00000| PB 0x00000000e2d00000| Untracked 
|  46|0x00000000e2e00000, 0x00000000e2e00000, 0x00000000e2f00000|  0%| F|  |TAMS 0x00000000e2e00000| PB 0x00000000e2e00000| Untracked 
|  47|0x00000000e2f00000, 0x00000000e2f00000, 0x00000000e3000000|  0%| F|  |TAMS 0x00000000e2f00000| PB 0x00000000e2f00000| Untracked 
|  48|0x00000000e3000000, 0x00000000e3000000, 0x00000000e3100000|  0%| F|  |TAMS 0x00000000e3000000| PB 0x00000000e3000000| Untracked 
|  49|0x00000000e3100000, 0x00000000e3100000, 0x00000000e3200000|  0%| F|  |TAMS 0x00000000e3100000| PB 0x00000000e3100000| Untracked 
|  50|0x00000000e3200000, 0x00000000e3200000, 0x00000000e3300000|  0%| F|  |TAMS 0x00000000e3200000| PB 0x00000000e3200000| Untracked 
|  51|0x00000000e3300000, 0x00000000e3300000, 0x00000000e3400000|  0%| F|  |TAMS 0x00000000e3300000| PB 0x00000000e3300000| Untracked 
|  52|0x00000000e3400000, 0x00000000e3400000, 0x00000000e3500000|  0%| F|  |TAMS 0x00000000e3400000| PB 0x00000000e3400000| Untracked 
|  53|0x00000000e3500000, 0x00000000e3500000, 0x00000000e3600000|  0%| F|  |TAMS 0x00000000e3500000| PB 0x00000000e3500000| Untracked 
|  54|0x00000000e3600000, 0x00000000e3600000, 0x00000000e3700000|  0%| F|  |TAMS 0x00000000e3600000| PB 0x00000000e3600000| Untracked 
|  55|0x00000000e3700000, 0x00000000e3700000, 0x00000000e3800000|  0%| F|  |TAMS 0x00000000e3700000| PB 0x00000000e3700000| Untracked 
|  56|0x00000000e3800000, 0x00000000e3800000, 0x00000000e3900000|  0%| F|  |TAMS 0x00000000e3800000| PB 0x00000000e3800000| Untracked 
|  57|0x00000000e3900000, 0x00000000e3900000, 0x00000000e3a00000|  0%| F|  |TAMS 0x00000000e3900000| PB 0x00000000e3900000| Untracked 
|  58|0x00000000e3a00000, 0x00000000e3a00000, 0x00000000e3b00000|  0%| F|  |TAMS 0x00000000e3a00000| PB 0x00000000e3a00000| Untracked 
|  59|0x00000000e3b00000, 0x00000000e3b00000, 0x00000000e3c00000|  0%| F|  |TAMS 0x00000000e3b00000| PB 0x00000000e3b00000| Untracked 
|  60|0x00000000e3c00000, 0x00000000e3c00000, 0x00000000e3d00000|  0%| F|  |TAMS 0x00000000e3c00000| PB 0x00000000e3c00000| Untracked 
|  61|0x00000000e3d00000, 0x00000000e3d00000, 0x00000000e3e00000|  0%| F|  |TAMS 0x00000000e3d00000| PB 0x00000000e3d00000| Untracked 
|  62|0x00000000e3e00000, 0x00000000e3e00000, 0x00000000e3f00000|  0%| F|  |TAMS 0x00000000e3e00000| PB 0x00000000e3e00000| Untracked 
|  63|0x00000000e3f00000, 0x00000000e3f00000, 0x00000000e4000000|  0%| F|  |TAMS 0x00000000e3f00000| PB 0x00000000e3f00000| Untracked 
|  64|0x00000000e4000000, 0x00000000e4000000, 0x00000000e4100000|  0%| F|  |TAMS 0x00000000e4000000| PB 0x00000000e4000000| Untracked 
|  65|0x00000000e4100000, 0x00000000e4100000, 0x00000000e4200000|  0%| F|  |TAMS 0x00000000e4100000| PB 0x00000000e4100000| Untracked 
|  66|0x00000000e4200000, 0x00000000e4200000, 0x00000000e4300000|  0%| F|  |TAMS 0x00000000e4200000| PB 0x00000000e4200000| Untracked 
|  67|0x00000000e4300000, 0x00000000e4300000, 0x00000000e4400000|  0%| F|  |TAMS 0x00000000e4300000| PB 0x00000000e4300000| Untracked 
|  68|0x00000000e4400000, 0x00000000e4400000, 0x00000000e4500000|  0%| F|  |TAMS 0x00000000e4400000| PB 0x00000000e4400000| Untracked 
|  69|0x00000000e4500000, 0x00000000e4500000, 0x00000000e4600000|  0%| F|  |TAMS 0x00000000e4500000| PB 0x00000000e4500000| Untracked 
|  70|0x00000000e4600000, 0x00000000e4600000, 0x00000000e4700000|  0%| F|  |TAMS 0x00000000e4600000| PB 0x00000000e4600000| Untracked 
|  71|0x00000000e4700000, 0x00000000e4700000, 0x00000000e4800000|  0%| F|  |TAMS 0x00000000e4700000| PB 0x00000000e4700000| Untracked 
|  72|0x00000000e4800000, 0x00000000e4800000, 0x00000000e4900000|  0%| F|  |TAMS 0x00000000e4800000| PB 0x00000000e4800000| Untracked 
|  73|0x00000000e4900000, 0x00000000e4900000, 0x00000000e4a00000|  0%| F|  |TAMS 0x00000000e4900000| PB 0x00000000e4900000| Untracked 
|  74|0x00000000e4a00000, 0x00000000e4a00000, 0x00000000e4b00000|  0%| F|  |TAMS 0x00000000e4a00000| PB 0x00000000e4a00000| Untracked 
|  75|0x00000000e4b00000, 0x00000000e4b00000, 0x00000000e4c00000|  0%| F|  |TAMS 0x00000000e4b00000| PB 0x00000000e4b00000| Untracked 
|  76|0x00000000e4c00000, 0x00000000e4c00000, 0x00000000e4d00000|  0%| F|  |TAMS 0x00000000e4c00000| PB 0x00000000e4c00000| Untracked 
|  77|0x00000000e4d00000, 0x00000000e4d00000, 0x00000000e4e00000|  0%| F|  |TAMS 0x00000000e4d00000| PB 0x00000000e4d00000| Untracked 
|  78|0x00000000e4e00000, 0x00000000e4e00000, 0x00000000e4f00000|  0%| F|  |TAMS 0x00000000e4e00000| PB 0x00000000e4e00000| Untracked 
|  79|0x00000000e4f00000, 0x00000000e4f00000, 0x00000000e5000000|  0%| F|  |TAMS 0x00000000e4f00000| PB 0x00000000e4f00000| Untracked 
|  80|0x00000000e5000000, 0x00000000e5000000, 0x00000000e5100000|  0%| F|  |TAMS 0x00000000e5000000| PB 0x00000000e5000000| Untracked 
|  81|0x00000000e5100000, 0x00000000e5100000, 0x00000000e5200000|  0%| F|  |TAMS 0x00000000e5100000| PB 0x00000000e5100000| Untracked 
|  82|0x00000000e5200000, 0x00000000e5200000, 0x00000000e5300000|  0%| F|  |TAMS 0x00000000e5200000| PB 0x00000000e5200000| Untracked 
|  83|0x00000000e5300000, 0x00000000e5300000, 0x00000000e5400000|  0%| F|  |TAMS 0x00000000e5300000| PB 0x00000000e5300000| Untracked 
|  84|0x00000000e5400000, 0x00000000e5400000, 0x00000000e5500000|  0%| F|  |TAMS 0x00000000e5400000| PB 0x00000000e5400000| Untracked 
|  85|0x00000000e5500000, 0x00000000e5500000, 0x00000000e5600000|  0%| F|  |TAMS 0x00000000e5500000| PB 0x00000000e5500000| Untracked 
|  86|0x00000000e5600000, 0x00000000e5600000, 0x00000000e5700000|  0%| F|  |TAMS 0x00000000e5600000| PB 0x00000000e5600000| Untracked 
|  87|0x00000000e5700000, 0x00000000e572f110, 0x00000000e5800000| 18%| E|  |TAMS 0x00000000e5700000| PB 0x00000000e5700000| Complete 
|  88|0x00000000e5800000, 0x00000000e5900000, 0x00000000e5900000|100%| E|  |TAMS 0x00000000e5800000| PB 0x00000000e5800000| Complete 
|  89|0x00000000e5900000, 0x00000000e5a00000, 0x00000000e5a00000|100%| E|CS|TAMS 0x00000000e5900000| PB 0x00000000e5900000| Complete 
|  90|0x00000000e5a00000, 0x00000000e5b00000, 0x00000000e5b00000|100%| E|CS|TAMS 0x00000000e5a00000| PB 0x00000000e5a00000| Complete 
|  91|0x00000000e5b00000, 0x00000000e5c00000, 0x00000000e5c00000|100%| E|CS|TAMS 0x00000000e5b00000| PB 0x00000000e5b00000| Complete 
|  92|0x00000000e5c00000, 0x00000000e5d00000, 0x00000000e5d00000|100%| E|CS|TAMS 0x00000000e5c00000| PB 0x00000000e5c00000| Complete 
|  93|0x00000000e5d00000, 0x00000000e5d2c090, 0x00000000e5e00000| 17%| S|CS|TAMS 0x00000000e5d00000| PB 0x00000000e5d00000| Complete 
|  94|0x00000000e5e00000, 0x00000000e5f00000, 0x00000000e5f00000|100%| S|CS|TAMS 0x00000000e5e00000| PB 0x00000000e5e00000| Complete 
|  95|0x00000000e5f00000, 0x00000000e6000000, 0x00000000e6000000|100%| S|CS|TAMS 0x00000000e5f00000| PB 0x00000000e5f00000| Complete 
|  96|0x00000000e6000000, 0x00000000e6100000, 0x00000000e6100000|100%| E|CS|TAMS 0x00000000e6000000| PB 0x00000000e6000000| Complete 
|  97|0x00000000e6100000, 0x00000000e6200000, 0x00000000e6200000|100%| E|CS|TAMS 0x00000000e6100000| PB 0x00000000e6100000| Complete 
|  98|0x00000000e6200000, 0x00000000e6300000, 0x00000000e6300000|100%| E|CS|TAMS 0x00000000e6200000| PB 0x00000000e6200000| Complete 
|  99|0x00000000e6300000, 0x00000000e6400000, 0x00000000e6400000|100%| E|CS|TAMS 0x00000000e6300000| PB 0x00000000e6300000| Complete 
| 100|0x00000000e6400000, 0x00000000e6500000, 0x00000000e6500000|100%| E|CS|TAMS 0x00000000e6400000| PB 0x00000000e6400000| Complete 
| 101|0x00000000e6500000, 0x00000000e6600000, 0x00000000e6600000|100%| E|CS|TAMS 0x00000000e6500000| PB 0x00000000e6500000| Complete 
| 102|0x00000000e6600000, 0x00000000e6700000, 0x00000000e6700000|100%| E|CS|TAMS 0x00000000e6600000| PB 0x00000000e6600000| Complete 
| 103|0x00000000e6700000, 0x00000000e6800000, 0x00000000e6800000|100%| E|CS|TAMS 0x00000000e6700000| PB 0x00000000e6700000| Complete 
| 104|0x00000000e6800000, 0x00000000e6900000, 0x00000000e6900000|100%| E|CS|TAMS 0x00000000e6800000| PB 0x00000000e6800000| Complete 
| 105|0x00000000e6900000, 0x00000000e6a00000, 0x00000000e6a00000|100%| E|CS|TAMS 0x00000000e6900000| PB 0x00000000e6900000| Complete 
| 106|0x00000000e6a00000, 0x00000000e6b00000, 0x00000000e6b00000|100%| E|CS|TAMS 0x00000000e6a00000| PB 0x00000000e6a00000| Complete 
| 107|0x00000000e6b00000, 0x00000000e6c00000, 0x00000000e6c00000|100%| E|CS|TAMS 0x00000000e6b00000| PB 0x00000000e6b00000| Complete 
| 108|0x00000000e6c00000, 0x00000000e6d00000, 0x00000000e6d00000|100%| E|CS|TAMS 0x00000000e6c00000| PB 0x00000000e6c00000| Complete 
| 109|0x00000000e6d00000, 0x00000000e6e00000, 0x00000000e6e00000|100%| E|CS|TAMS 0x00000000e6d00000| PB 0x00000000e6d00000| Complete 
| 110|0x00000000e6e00000, 0x00000000e6f00000, 0x00000000e6f00000|100%| E|CS|TAMS 0x00000000e6e00000| PB 0x00000000e6e00000| Complete 
| 111|0x00000000e6f00000, 0x00000000e7000000, 0x00000000e7000000|100%| E|CS|TAMS 0x00000000e6f00000| PB 0x00000000e6f00000| Complete 
| 112|0x00000000e7000000, 0x00000000e7100000, 0x00000000e7100000|100%| E|CS|TAMS 0x00000000e7000000| PB 0x00000000e7000000| Complete 
| 113|0x00000000e7100000, 0x00000000e7200000, 0x00000000e7200000|100%| E|CS|TAMS 0x00000000e7100000| PB 0x00000000e7100000| Complete 
| 114|0x00000000e7200000, 0x00000000e7300000, 0x00000000e7300000|100%| E|CS|TAMS 0x00000000e7200000| PB 0x00000000e7200000| Complete 
| 115|0x00000000e7300000, 0x00000000e7400000, 0x00000000e7400000|100%| E|CS|TAMS 0x00000000e7300000| PB 0x00000000e7300000| Complete 
| 116|0x00000000e7400000, 0x00000000e7500000, 0x00000000e7500000|100%| E|CS|TAMS 0x00000000e7400000| PB 0x00000000e7400000| Complete 
| 117|0x00000000e7500000, 0x00000000e7600000, 0x00000000e7600000|100%| E|CS|TAMS 0x00000000e7500000| PB 0x00000000e7500000| Complete 
| 118|0x00000000e7600000, 0x00000000e7700000, 0x00000000e7700000|100%| E|CS|TAMS 0x00000000e7600000| PB 0x00000000e7600000| Complete 
| 119|0x00000000e7700000, 0x00000000e7800000, 0x00000000e7800000|100%| E|CS|TAMS 0x00000000e7700000| PB 0x00000000e7700000| Complete 
| 120|0x00000000e7800000, 0x00000000e7900000, 0x00000000e7900000|100%| E|CS|TAMS 0x00000000e7800000| PB 0x00000000e7800000| Complete 
| 121|0x00000000e7900000, 0x00000000e7a00000, 0x00000000e7a00000|100%| E|CS|TAMS 0x00000000e7900000| PB 0x00000000e7900000| Complete 
| 122|0x00000000e7a00000, 0x00000000e7b00000, 0x00000000e7b00000|100%| E|CS|TAMS 0x00000000e7a00000| PB 0x00000000e7a00000| Complete 
| 123|0x00000000e7b00000, 0x00000000e7c00000, 0x00000000e7c00000|100%| E|CS|TAMS 0x00000000e7b00000| PB 0x00000000e7b00000| Complete 
| 124|0x00000000e7c00000, 0x00000000e7d00000, 0x00000000e7d00000|100%| E|CS|TAMS 0x00000000e7c00000| PB 0x00000000e7c00000| Complete 
| 125|0x00000000e7d00000, 0x00000000e7e00000, 0x00000000e7e00000|100%| E|CS|TAMS 0x00000000e7d00000| PB 0x00000000e7d00000| Complete 
| 126|0x00000000e7e00000, 0x00000000e7f00000, 0x00000000e7f00000|100%| E|CS|TAMS 0x00000000e7e00000| PB 0x00000000e7e00000| Complete 
| 127|0x00000000e7f00000, 0x00000000e8000000, 0x00000000e8000000|100%| E|CS|TAMS 0x00000000e7f00000| PB 0x00000000e7f00000| Complete 

Card table byte_map: [0x00000148647a0000,0x00000148648a0000] _byte_map_base: 0x00000148640a0000

Marking Bits: (CMBitMap*) 0x000001484cf08a80
 Bits: [0x00000148648a0000, 0x00000148650a0000)

Polling page: 0x000001484c6a0000

Metaspace:

Usage:
  Non-class:     13.71 MB used.
      Class:      1.76 MB used.
       Both:     15.47 MB used.

Virtual space:
  Non-class space:       64.00 MB reserved,      13.88 MB ( 22%) committed,  1 nodes.
      Class space:        1.00 GB reserved,       1.94 MB ( <1%) committed,  1 nodes.
             Both:        1.06 GB reserved,      15.81 MB (  1%) committed. 

Chunk freelists:
   Non-Class:  2.03 MB
       Class:  14.00 MB
        Both:  16.03 MB

MaxMetaspaceSize: unlimited
CompressedClassSpaceSize: 1.00 GB
Initial GC threshold: 21.00 MB
Current GC threshold: 21.00 MB
CDS: on
 - commit_granule_bytes: 65536.
 - commit_granule_words: 8192.
 - virtual_space_node_default_size: 8388608.
 - enlarge_chunks_in_place: 1.
 - use_allocation_guard: 0.


Internal statistics:

num_allocs_failed_limit: 0.
num_arena_births: 412.
num_arena_deaths: 0.
num_vsnodes_births: 2.
num_vsnodes_deaths: 0.
num_space_committed: 252.
num_space_uncommitted: 0.
num_chunks_returned_to_freelist: 0.
num_chunks_taken_from_freelist: 890.
num_chunk_merges: 0.
num_chunk_splits: 540.
num_chunks_enlarged: 311.
num_inconsistent_stats: 0.

CodeHeap 'non-profiled nmethods': size=120000Kb used=1527Kb max_used=1527Kb free=118472Kb
 bounds [0x000001485ce40000, 0x000001485d0b0000, 0x0000014864370000]
CodeHeap 'profiled nmethods': size=120000Kb used=6161Kb max_used=6161Kb free=113838Kb
 bounds [0x0000014855370000, 0x0000014855980000, 0x000001485c8a0000]
CodeHeap 'non-nmethods': size=5760Kb used=1512Kb max_used=1572Kb free=4247Kb
 bounds [0x000001485c8a0000, 0x000001485cb10000, 0x000001485ce40000]
 total_blobs=3745 nmethods=3159 adapters=490
 compilation: enabled
              stopped_count=0, restarted_count=0
 full_count=0

Compilation events (20 events):
Event: 24.976 Thread 0x0000014867ab8730 3091       3       java.nio.CharBuffer::arrayOffset (35 bytes)
Event: 24.976 Thread 0x0000014867ab8730 nmethod 3091 0x0000014855948f90 code [0x0000014855949160, 0x0000014855949438]
Event: 24.977 Thread 0x0000014867ab8730 3092       3       java.io.PrintWriter::append (10 bytes)
Event: 24.977 Thread 0x0000014867ab8730 nmethod 3092 0x0000014855949590 code [0x0000014855949780, 0x0000014855949be8]
Event: 24.977 Thread 0x0000014867ab8730 3093       3       java.lang.Throwable$WrappedPrintWriter::println (9 bytes)
Event: 24.977 Thread 0x0000014867ab8730 nmethod 3093 0x0000014855949e10 code [0x0000014855949fc0, 0x000001485594a118]
Event: 24.977 Thread 0x0000014867ab8730 3094   !   3       java.io.PrintWriter::println (87 bytes)
Event: 24.978 Thread 0x0000014867ab8730 nmethod 3094 0x000001485594a210 code [0x000001485594a5a0, 0x000001485594be20]
Event: 24.978 Thread 0x0000014867ab8730 3095       3       java.io.PrintWriter::print (9 bytes)
Event: 24.978 Thread 0x0000014867ab8730 nmethod 3095 0x000001485594c790 code [0x000001485594c980, 0x000001485594cd58]
Event: 24.978 Thread 0x0000014867ab8730 3096       3       java.io.StringWriter::write (14 bytes)
Event: 24.978 Thread 0x0000014867ab8730 nmethod 3096 0x000001485594cf10 code [0x000001485594d0c0, 0x000001485594d398]
Event: 24.978 Thread 0x0000014867ab8730 3097       3       java.io.PrintWriter::println (5 bytes)
Event: 24.978 Thread 0x0000014867ab8730 nmethod 3097 0x000001485594d510 code [0x000001485594d6c0, 0x000001485594d7f8]
Event: 24.978 Thread 0x0000014867ab8730 3098       3       java.io.BufferedWriter::growIfNeeded (63 bytes)
Event: 24.978 Thread 0x0000014867ab8730 nmethod 3098 0x000001485594d890 code [0x000001485594da40, 0x000001485594dd30]
Event: 24.978 Thread 0x0000014867ab8730 3099   !   3       java.io.PrintWriter::implNewLine (48 bytes)
Event: 24.979 Thread 0x0000014867ab8730 nmethod 3099 0x000001485594de10 code [0x000001485594e040, 0x000001485594e680]
Event: 24.979 Thread 0x0000014867ab8730 3101 %     3       java.lang.StringCoding::implEncodeAsciiArray @ 3 (47 bytes)
Event: 24.979 Thread 0x0000014867ab8730 nmethod 3101% 0x000001485594e990 code [0x000001485594eb40, 0x000001485594ee80]

GC Heap History (4 events):
Event: 1.436 GC heap before
{Heap before GC invocations=0 (full 0):
 garbage-first heap   total 131072K, used 22528K [0x00000000e0000000, 0x0000000100000000)
  region size 1024K, 23 young (23552K), 0 survivors (0K)
 Metaspace       used 8378K, committed 8640K, reserved 1114112K
  class space    used 891K, committed 1024K, reserved 1048576K
}
Event: 1.441 GC heap after
{Heap after GC invocations=1 (full 0):
 garbage-first heap   total 131072K, used 4778K [0x00000000e0000000, 0x0000000100000000)
  region size 1024K, 3 young (3072K), 3 survivors (3072K)
 Metaspace       used 8378K, committed 8640K, reserved 1114112K
  class space    used 891K, committed 1024K, reserved 1048576K
}
Event: 19.882 GC heap before
{Heap before GC invocations=1 (full 0):
 garbage-first heap   total 131072K, used 33450K [0x00000000e0000000, 0x0000000100000000)
  region size 1024K, 32 young (32768K), 3 survivors (3072K)
 Metaspace       used 13030K, committed 13376K, reserved 1114112K
  class space    used 1466K, committed 1600K, reserved 1048576K
}
Event: 19.887 GC heap after
{Heap after GC invocations=2 (full 0):
 garbage-first heap   total 131072K, used 7063K [0x00000000e0000000, 0x0000000100000000)
  region size 1024K, 3 young (3072K), 3 survivors (3072K)
 Metaspace       used 13030K, committed 13376K, reserved 1114112K
  class space    used 1466K, committed 1600K, reserved 1048576K
}

Dll operation events (8 events):
Event: 0.007 Loaded shared library E:\Program Files\Java\jdk-21\bin\java.dll
Event: 0.036 Loaded shared library E:\Program Files\Java\jdk-21\bin\jsvml.dll
Event: 0.050 Loaded shared library E:\Program Files\Java\jdk-21\bin\net.dll
Event: 0.051 Loaded shared library E:\Program Files\Java\jdk-21\bin\nio.dll
Event: 0.054 Loaded shared library E:\Program Files\Java\jdk-21\bin\zip.dll
Event: 0.331 Loaded shared library E:\Program Files\Java\jdk-21\bin\management.dll
Event: 0.447 Loaded shared library E:\Program Files\Java\jdk-21\bin\management_ext.dll
Event: 0.496 Loaded shared library E:\Program Files\Java\jdk-21\bin\jimage.dll

Deoptimization events (20 events):
Event: 20.285 Thread 0x000001486d01be60 DEOPT PACKING pc=0x000001485ce97b88 sp=0x0000000bd3afee10
Event: 20.285 Thread 0x000001486d01be60 DEOPT UNPACKING pc=0x000001485c8f46a2 sp=0x0000000bd3afedc8 mode 2
Event: 20.343 Thread 0x000001486d01be60 Uncommon trap: trap_request=0xffffffde fr.pc=0x000001485cf8561c relative=0x0000000000000bfc
Event: 20.343 Thread 0x000001486d01be60 Uncommon trap: reason=class_check action=maybe_recompile pc=0x000001485cf8561c method=java.util.regex.Matcher.search(I)Z @ 121 c2
Event: 20.343 Thread 0x000001486d01be60 DEOPT PACKING pc=0x000001485cf8561c sp=0x0000000bd3afed30
Event: 20.343 Thread 0x000001486d01be60 DEOPT UNPACKING pc=0x000001485c8f46a2 sp=0x0000000bd3afed20 mode 2
Event: 20.343 Thread 0x000001486d01be60 Uncommon trap: trap_request=0xffffffde fr.pc=0x000001485cf8561c relative=0x0000000000000bfc
Event: 20.343 Thread 0x000001486d01be60 Uncommon trap: reason=class_check action=maybe_recompile pc=0x000001485cf8561c method=java.util.regex.Matcher.search(I)Z @ 121 c2
Event: 20.343 Thread 0x000001486d01be60 DEOPT PACKING pc=0x000001485cf8561c sp=0x0000000bd3afed30
Event: 20.343 Thread 0x000001486d01be60 DEOPT UNPACKING pc=0x000001485c8f46a2 sp=0x0000000bd3afed20 mode 2
Event: 20.343 Thread 0x000001486d01be60 Uncommon trap: trap_request=0xffffffde fr.pc=0x000001485cf8561c relative=0x0000000000000bfc
Event: 20.343 Thread 0x000001486d01be60 Uncommon trap: reason=class_check action=maybe_recompile pc=0x000001485cf8561c method=java.util.regex.Matcher.search(I)Z @ 121 c2
Event: 20.343 Thread 0x000001486d01be60 DEOPT PACKING pc=0x000001485cf8561c sp=0x0000000bd3afed30
Event: 20.343 Thread 0x000001486d01be60 DEOPT UNPACKING pc=0x000001485c8f46a2 sp=0x0000000bd3afed20 mode 2
Event: 20.343 Thread 0x000001486d01be60 Uncommon trap: trap_request=0xffffffde fr.pc=0x000001485cf8561c relative=0x0000000000000bfc
Event: 20.343 Thread 0x000001486d01be60 Uncommon trap: reason=class_check action=maybe_recompile pc=0x000001485cf8561c method=java.util.regex.Matcher.search(I)Z @ 121 c2
Event: 20.343 Thread 0x000001486d01be60 DEOPT PACKING pc=0x000001485cf8561c sp=0x0000000bd3afed30
Event: 20.343 Thread 0x000001486d01be60 DEOPT UNPACKING pc=0x000001485c8f46a2 sp=0x0000000bd3afed20 mode 2
Event: 23.901 Thread 0x000001486d01be60 DEOPT PACKING pc=0x000001485573c925 sp=0x0000000bd3afdef0
Event: 23.901 Thread 0x000001486d01be60 DEOPT UNPACKING pc=0x000001485c8f4e42 sp=0x0000000bd3afd388 mode 0

Classes loaded (20 events):
Event: 20.326 Loading class sun/util/resources/cldr/TimeZoneNames_en
Event: 20.326 Loading class sun/util/resources/cldr/TimeZoneNames_en done
Event: 20.336 Loading class sun/util/cldr/CLDRBaseLocaleDataMetaInfo$TZCanonicalIDMapHolder
Event: 20.337 Loading class sun/util/cldr/CLDRBaseLocaleDataMetaInfo$TZCanonicalIDMapHolder done
Event: 20.338 Loading class sun/util/resources/TimeZoneNames
Event: 20.338 Loading class sun/util/resources/TimeZoneNames done
Event: 20.338 Loading class sun/util/resources/TimeZoneNames_en
Event: 20.338 Loading class sun/util/resources/TimeZoneNames_en done
Event: 20.340 Loading class java/text/StringCharacterIterator
Event: 20.341 Loading class java/text/CharacterIterator
Event: 20.341 Loading class java/text/CharacterIterator done
Event: 20.341 Loading class java/text/StringCharacterIterator done
Event: 20.341 Loading class java/util/concurrent/ConcurrentLinkedDeque$Itr
Event: 20.342 Loading class java/util/concurrent/ConcurrentLinkedDeque$AbstractItr
Event: 20.342 Loading class java/util/concurrent/ConcurrentLinkedDeque$AbstractItr done
Event: 20.342 Loading class java/util/concurrent/ConcurrentLinkedDeque$Itr done
Event: 20.365 Loading class sun/util/resources/cldr/TimeZoneNames_en_US
Event: 20.365 Loading class sun/util/resources/cldr/TimeZoneNames_en_US done
Event: 20.405 Loading class java/util/concurrent/CancellationException
Event: 20.405 Loading class java/util/concurrent/CancellationException done

Classes unloaded (0 events):
No events

Classes redefined (0 events):
No events

Internal exceptions (20 events):
Event: 24.132 Thread 0x000001486d01be60 Exception <a 'sun/nio/fs/WindowsException'{0x00000000e5bfa5f8}> (0x00000000e5bfa5f8) 
thrown [s\open\src\hotspot\share\prims\jni.cpp, line 520]
Event: 24.133 Thread 0x000001486d01be60 Exception <a 'sun/nio/fs/WindowsException'{0x00000000e5a06470}> (0x00000000e5a06470) 
thrown [s\open\src\hotspot\share\prims\jni.cpp, line 520]
Event: 24.134 Thread 0x000001486d01be60 Exception <a 'sun/nio/fs/WindowsException'{0x00000000e5a12b98}> (0x00000000e5a12b98) 
thrown [s\open\src\hotspot\share\prims\jni.cpp, line 520]
Event: 24.134 Thread 0x000001486d01be60 Exception <a 'sun/nio/fs/WindowsException'{0x00000000e5a19218}> (0x00000000e5a19218) 
thrown [s\open\src\hotspot\share\prims\jni.cpp, line 520]
Event: 24.141 Thread 0x000001486d01be60 Exception <a 'sun/nio/fs/WindowsException'{0x00000000e5a21a50}> (0x00000000e5a21a50) 
thrown [s\open\src\hotspot\share\prims\jni.cpp, line 520]
Event: 24.142 Thread 0x000001486d01be60 Exception <a 'sun/nio/fs/WindowsException'{0x00000000e5a278b8}> (0x00000000e5a278b8) 
thrown [s\open\src\hotspot\share\prims\jni.cpp, line 520]
Event: 24.164 Thread 0x000001486d01be60 Exception <a 'sun/nio/fs/WindowsException'{0x00000000e5a2e1f0}> (0x00000000e5a2e1f0) 
thrown [s\open\src\hotspot\share\prims\jni.cpp, line 520]
Event: 24.175 Thread 0x000001486d01be60 Exception <a 'sun/nio/fs/WindowsException'{0x00000000e5a35720}> (0x00000000e5a35720) 
thrown [s\open\src\hotspot\share\prims\jni.cpp, line 520]
Event: 24.189 Thread 0x000001486d01be60 Exception <a 'sun/nio/fs/WindowsException'{0x00000000e5a3b5e8}> (0x00000000e5a3b5e8) 
thrown [s\open\src\hotspot\share\prims\jni.cpp, line 520]
Event: 24.191 Thread 0x000001486d01be60 Exception <a 'sun/nio/fs/WindowsException'{0x00000000e5a3f590}> (0x00000000e5a3f590) 
thrown [s\open\src\hotspot\share\prims\jni.cpp, line 520]
Event: 24.192 Thread 0x000001486d01be60 Exception <a 'sun/nio/fs/WindowsException'{0x00000000e5a4b968}> (0x00000000e5a4b968) 
thrown [s\open\src\hotspot\share\prims\jni.cpp, line 520]
Event: 24.194 Thread 0x000001486d01be60 Exception <a 'sun/nio/fs/WindowsException'{0x00000000e5a55900}> (0x00000000e5a55900) 
thrown [s\open\src\hotspot\share\prims\jni.cpp, line 520]
Event: 24.201 Thread 0x000001486d01be60 Exception <a 'sun/nio/fs/WindowsException'{0x00000000e5a5d578}> (0x00000000e5a5d578) 
thrown [s\open\src\hotspot\share\prims\jni.cpp, line 520]
Event: 24.208 Thread 0x000001486d01be60 Exception <a 'sun/nio/fs/WindowsException'{0x00000000e5a65278}> (0x00000000e5a65278) 
thrown [s\open\src\hotspot\share\prims\jni.cpp, line 520]
Event: 24.849 Thread 0x000001486d01be60 Exception <a 'java/io/IOException'{0x00000000e5a73b78}: CreateProcess error=1455, The paging file is too small for this operation to complete> (0x00000000e5a73b78) 
thrown [s\open\src\hotspot\share\prims\jni.cpp, line 539]
Event: 24.854 Thread 0x000001486d01be60 Exception <a 'java/lang/NullPointerException'{0x00000000e5a910d0}> (0x00000000e5a910d0) 
thrown [s\open\src\hotspot\share\interpreter\linkResolver.cpp, line 1456]
Event: 24.855 Thread 0x000001486d01be60 Exception <a 'java/lang/NullPointerException'{0x00000000e5a92290}> (0x00000000e5a92290) 
thrown [s\open\src\hotspot\share\interpreter\linkResolver.cpp, line 1456]
Event: 24.860 Thread 0x000001486d020d20 Exception <a 'sun/nio/fs/WindowsException'{0x00000000e5943e30}> (0x00000000e5943e30) 
thrown [s\open\src\hotspot\share\prims\jni.cpp, line 520]
Event: 24.860 Thread 0x000001486d020d20 Exception <a 'sun/nio/fs/WindowsException'{0x00000000e5945128}> (0x00000000e5945128) 
thrown [s\open\src\hotspot\share\prims\jni.cpp, line 520]
Event: 24.862 Thread 0x000001486d020d20 Exception <a 'sun/nio/fs/WindowsException'{0x00000000e594ca18}> (0x00000000e594ca18) 
thrown [s\open\src\hotspot\share\prims\jni.cpp, line 520]

ZGC Phase Switch (0 events):
No events

VM Operations (20 events):
Event: 9.798 Executing VM operation: Cleanup
Event: 9.798 Executing VM operation: Cleanup done
Event: 14.861 Executing VM operation: Cleanup
Event: 14.861 Executing VM operation: Cleanup done
Event: 19.882 Executing VM operation: G1CollectForAllocation (G1 Evacuation Pause)
Event: 19.882 Executing VM operation: G1CollectForAllocation (G1 Evacuation Pause) done
Event: 19.882 Executing VM operation: G1CollectForAllocation (GCLocker Initiated GC)
Event: 19.887 Executing VM operation: G1CollectForAllocation (GCLocker Initiated GC) done
Event: 20.247 Executing VM operation: HandshakeAllThreads (Deoptimize)
Event: 20.247 Executing VM operation: HandshakeAllThreads (Deoptimize) done
Event: 20.371 Executing VM operation: ICBufferFull
Event: 20.405 Executing VM operation: ICBufferFull done
Event: 21.416 Executing VM operation: Cleanup
Event: 21.416 Executing VM operation: Cleanup done
Event: 22.427 Executing VM operation: Cleanup
Event: 22.427 Executing VM operation: Cleanup done
Event: 23.432 Executing VM operation: Cleanup
Event: 23.432 Executing VM operation: Cleanup done
Event: 24.446 Executing VM operation: Cleanup
Event: 24.446 Executing VM operation: Cleanup done

Events (20 events):
Event: 0.553 Thread 0x0000014867ab24b0 Thread added: 0x0000014867ab24b0
Event: 0.892 Thread 0x000001486c20b290 Thread exited: 0x000001486c20b290
Event: 1.073 Thread 0x000001486c551440 Thread added: 0x000001486c551440
Event: 1.281 Thread 0x000001486cb629e0 Thread added: 0x000001486cb629e0
Event: 1.599 Thread 0x0000014867ab3860 Thread added: 0x0000014867ab3860
Event: 1.602 Thread 0x0000014867ab1100 Thread added: 0x0000014867ab1100
Event: 1.603 Thread 0x0000014867ab1790 Thread added: 0x0000014867ab1790
Event: 1.603 Thread 0x0000014867ab2b40 Thread added: 0x0000014867ab2b40
Event: 1.650 Thread 0x000001486d01be60 Thread added: 0x000001486d01be60
Event: 1.650 Thread 0x000001486d020d20 Thread added: 0x000001486d020d20
Event: 2.313 Thread 0x000001486c551440 Thread exited: 0x000001486c551440
Event: 2.313 Thread 0x000001486cb629e0 Thread exited: 0x000001486cb629e0
Event: 19.954 Thread 0x000001486cdfc910 Thread added: 0x000001486cdfc910
Event: 20.030 Thread 0x000001486d86a300 Thread added: 0x000001486d86a300
Event: 20.505 Thread 0x000001486d86a300 Thread exited: 0x000001486d86a300
Event: 20.505 Thread 0x000001486cdfc910 Thread exited: 0x000001486cdfc910
Event: 22.460 Thread 0x000001486d0584e0 Thread added: 0x000001486d0584e0
Event: 23.496 Thread 0x000001486d0584e0 Thread exited: 0x000001486d0584e0
Event: 24.863 Thread 0x000001486d055aa0 Thread added: 0x000001486d055aa0
Event: 24.977 Thread 0x000001486d055aa0 Thread exited: 0x000001486d055aa0


Dynamic libraries:
0x00007ff688fd0000 - 0x00007ff688fe0000 	E:\Program Files\Java\jdk-21\bin\java.exe
0x00007ffd9c4b0000 - 0x00007ffd9c6c7000 	C:\WINDOWS\SYSTEM32\ntdll.dll
0x00007ffd9b6f0000 - 0x00007ffd9b7b4000 	C:\WINDOWS\System32\KERNEL32.DLL
0x00007ffd99960000 - 0x00007ffd99d33000 	C:\WINDOWS\System32\KERNELBASE.dll
0x00007ffd99720000 - 0x00007ffd99831000 	C:\WINDOWS\System32\ucrtbase.dll
0x00007ffd526b0000 - 0x00007ffd526c9000 	E:\Program Files\Java\jdk-21\bin\jli.dll
0x00007ffd51670000 - 0x00007ffd5168b000 	E:\Program Files\Java\jdk-21\bin\VCRUNTIME140.dll
0x00007ffd9a910000 - 0x00007ffd9a9c1000 	C:\WINDOWS\System32\ADVAPI32.dll
0x00007ffd9bea0000 - 0x00007ffd9bf47000 	C:\WINDOWS\System32\msvcrt.dll
0x00007ffd9b640000 - 0x00007ffd9b6e7000 	C:\WINDOWS\System32\sechost.dll
0x00007ffd99ff0000 - 0x00007ffd9a018000 	C:\WINDOWS\System32\bcrypt.dll
0x00007ffd9c080000 - 0x00007ffd9c194000 	C:\WINDOWS\System32\RPCRT4.dll
0x00007ffd9c220000 - 0x00007ffd9c3d1000 	C:\WINDOWS\System32\USER32.dll
0x00007ffd85d50000 - 0x00007ffd85feb000 	C:\WINDOWS\WinSxS\amd64_microsoft.windows.common-controls_6595b64144ccf1df_6.0.22621.5262_none_2712bde373830908\COMCTL32.dll
0x00007ffd995b0000 - 0x00007ffd995d6000 	C:\WINDOWS\System32\win32u.dll
0x00007ffd9a810000 - 0x00007ffd9a839000 	C:\WINDOWS\System32\GDI32.dll
0x00007ffd9a020000 - 0x00007ffd9a142000 	C:\WINDOWS\System32\gdi32full.dll
0x00007ffd998c0000 - 0x00007ffd9995a000 	C:\WINDOWS\System32\msvcp_win.dll
0x00007ffd925a0000 - 0x00007ffd925aa000 	C:\WINDOWS\SYSTEM32\VERSION.dll
0x00007ffd9b600000 - 0x00007ffd9b631000 	C:\WINDOWS\System32\IMM32.DLL
0x00007ffd95620000 - 0x00007ffd9562c000 	E:\Program Files\Java\jdk-21\bin\vcruntime140_1.dll
0x00007ffd28ac0000 - 0x00007ffd28b4e000 	E:\Program Files\Java\jdk-21\bin\msvcp140.dll
0x00007ffcdb540000 - 0x00007ffcdc25a000 	E:\Program Files\Java\jdk-21\bin\server\jvm.dll
0x00007ffd9c1a0000 - 0x00007ffd9c211000 	C:\WINDOWS\System32\WS2_32.dll
0x00007ffd99490000 - 0x00007ffd994dd000 	C:\WINDOWS\SYSTEM32\POWRPROF.dll
0x00007ffd91070000 - 0x00007ffd910a4000 	C:\WINDOWS\SYSTEM32\WINMM.dll
0x00007ffd99470000 - 0x00007ffd99483000 	C:\WINDOWS\SYSTEM32\UMPDC.dll
0x00007ffd985b0000 - 0x00007ffd985c8000 	C:\WINDOWS\SYSTEM32\kernel.appcore.dll
0x00007ffd71350000 - 0x00007ffd7135a000 	E:\Program Files\Java\jdk-21\bin\jimage.dll
0x00007ffd96e90000 - 0x00007ffd970c2000 	C:\WINDOWS\SYSTEM32\DBGHELP.DLL
0x00007ffd9b910000 - 0x00007ffd9bca3000 	C:\WINDOWS\System32\combase.dll
0x00007ffd9b7c0000 - 0x00007ffd9b897000 	C:\WINDOWS\System32\OLEAUT32.dll
0x00007ffd906c0000 - 0x00007ffd906f2000 	C:\WINDOWS\SYSTEM32\dbgcore.DLL
0x00007ffd99840000 - 0x00007ffd998bb000 	C:\WINDOWS\System32\bcryptPrimitives.dll
0x00007ffd51650000 - 0x00007ffd5166f000 	E:\Program Files\Java\jdk-21\bin\java.dll
0x00007ffd9acf0000 - 0x00007ffd9b58d000 	C:\WINDOWS\System32\SHELL32.dll
0x00007ffd995e0000 - 0x00007ffd9971f000 	C:\WINDOWS\System32\wintypes.dll
0x00007ffd97330000 - 0x00007ffd97c4d000 	C:\WINDOWS\SYSTEM32\windows.storage.dll
0x00007ffd9abe0000 - 0x00007ffd9aceb000 	C:\WINDOWS\System32\SHCORE.dll
0x00007ffd9b8a0000 - 0x00007ffd9b906000 	C:\WINDOWS\System32\shlwapi.dll
0x00007ffd994e0000 - 0x00007ffd9950b000 	C:\WINDOWS\SYSTEM32\profapi.dll
0x00007ffd10860000 - 0x00007ffd10937000 	E:\Program Files\Java\jdk-21\bin\jsvml.dll
0x00007ffd70d70000 - 0x00007ffd70d80000 	E:\Program Files\Java\jdk-21\bin\net.dll
0x00007ffd91c30000 - 0x00007ffd91d5c000 	C:\WINDOWS\SYSTEM32\WINHTTP.dll
0x00007ffd98a20000 - 0x00007ffd98a8a000 	C:\WINDOWS\system32\mswsock.dll
0x00007ffd515f0000 - 0x00007ffd51606000 	E:\Program Files\Java\jdk-21\bin\nio.dll
0x00007ffd4c300000 - 0x00007ffd4c318000 	E:\Program Files\Java\jdk-21\bin\zip.dll
0x00007ffd5f010000 - 0x00007ffd5f01a000 	E:\Program Files\Java\jdk-21\bin\management.dll
0x00007ffd5eaf0000 - 0x00007ffd5eafb000 	E:\Program Files\Java\jdk-21\bin\management_ext.dll
0x00007ffd9c460000 - 0x00007ffd9c468000 	C:\WINDOWS\System32\PSAPI.DLL
0x00007ffd98ca0000 - 0x00007ffd98cbb000 	C:\WINDOWS\SYSTEM32\CRYPTSP.dll
0x00007ffd98510000 - 0x00007ffd98547000 	C:\WINDOWS\system32\rsaenh.dll
0x00007ffd98ac0000 - 0x00007ffd98ae8000 	C:\WINDOWS\SYSTEM32\USERENV.dll
0x00007ffd98c30000 - 0x00007ffd98c3c000 	C:\WINDOWS\SYSTEM32\CRYPTBASE.dll
0x00007ffd98020000 - 0x00007ffd9804d000 	C:\WINDOWS\SYSTEM32\IPHLPAPI.DLL
0x00007ffd9a900000 - 0x00007ffd9a909000 	C:\WINDOWS\System32\NSI.dll
0x00007ffd95950000 - 0x00007ffd959e7000 	C:\WINDOWS\system32\apphelp.dll
0x00007ffd79270000 - 0x00007ffd79287000 	C:\WINDOWS\system32\napinsp.dll
0x00007ffd79210000 - 0x00007ffd7922b000 	C:\WINDOWS\system32\pnrpnsp.dll
0x00007ffd98090000 - 0x00007ffd98188000 	C:\WINDOWS\SYSTEM32\DNSAPI.dll
0x00007ffd79170000 - 0x00007ffd79181000 	C:\WINDOWS\System32\winrnr.dll
0x00007ffd90c30000 - 0x00007ffd90c45000 	C:\WINDOWS\system32\wshbth.dll
0x00007ffd791e0000 - 0x00007ffd79201000 	C:\WINDOWS\system32\nlansp_c.dll
0x00007ffd8e670000 - 0x00007ffd8e67a000 	C:\Windows\System32\rasadhlp.dll
0x00007ffd90350000 - 0x00007ffd903d3000 	C:\WINDOWS\System32\fwpuclnt.dll

dbghelp: loaded successfully - version: 4.0.5 - missing functions: none
symbol engine: initialized successfully - sym options: 0x614 - pdb path: .;E:\Program Files\Java\jdk-21\bin;C:\WINDOWS\SYSTEM32;C:\WINDOWS\WinSxS\amd64_microsoft.windows.common-controls_6595b64144ccf1df_6.0.22621.5262_none_2712bde373830908;E:\Program Files\Java\jdk-21\bin\server

VM Arguments:
jvm_args: -Xms128m -Xmx512m 
java_command: C:\Users\pavan\AppData\Local\Temp\surefire6732732851755828377\surefirebooter-20250501101938462_3.jar C:\Users\pavan\AppData\Local\Temp\surefire6732732851755828377 2025-05-01T10-19-38_319-jvmRun1 surefire-20250501101938462_1tmp surefire_0-20250501101938462_2tmp
java_class_path (initial): C:\Users\pavan\AppData\Local\Temp\surefire6732732851755828377\surefirebooter-20250501101938462_3.jar
Launcher Type: SUN_STANDARD

[Global flags]
     intx CICompilerCount                          = 4                                         {product} {ergonomic}
     uint ConcGCThreads                            = 2                                         {product} {ergonomic}
     uint G1ConcRefinementThreads                  = 8                                         {product} {ergonomic}
   size_t G1HeapRegionSize                         = 1048576                                   {product} {ergonomic}
    uintx GCDrainStackTargetSize                   = 64                                        {product} {ergonomic}
   size_t InitialHeapSize                          = 134217728                                 {product} {command line}
   size_t MarkStackSize                            = 4194304                                   {product} {ergonomic}
   size_t MaxHeapSize                              = 536870912                                 {product} {command line}
   size_t MaxNewSize                               = 321912832                                 {product} {ergonomic}
   size_t MinHeapDeltaBytes                        = 1048576                                   {product} {ergonomic}
   size_t MinHeapSize                              = 134217728                                 {product} {command line}
    uintx NonNMethodCodeHeapSize                   = 5839372                                {pd product} {ergonomic}
    uintx NonProfiledCodeHeapSize                  = 122909434                              {pd product} {ergonomic}
    uintx ProfiledCodeHeapSize                     = 122909434                              {pd product} {ergonomic}
    uintx ReservedCodeCacheSize                    = 251658240                              {pd product} {ergonomic}
     bool SegmentedCodeCache                       = true                                      {product} {ergonomic}
   size_t SoftMaxHeapSize                          = 536870912                              {manageable} {ergonomic}
     bool UseCompressedOops                        = true                           {product lp64_product} {ergonomic}
     bool UseG1GC                                  = true                                      {product} {ergonomic}
     bool UseLargePagesIndividualAllocation        = false                                  {pd product} {ergonomic}

Logging:
Log output configuration:
 #0: stdout all=warning uptime,level,tags foldmultilines=false
 #1: stderr all=off uptime,level,tags foldmultilines=false

Environment Variables:
JAVA_HOME=E:\Program Files\Java\jdk-21
PATH=E:/c downloads/eclipse-jee-2023-12-R-win32-x86_64/eclipse//plugins/org.eclipse.justj.openjdk.hotspot.jre.full.win32.x86_64_17.0.9.v20231028-0858/jre/bin/server;E:/c downloads/eclipse-jee-2023-12-R-win32-x86_64/eclipse//plugins/org.eclipse.justj.openjdk.hotspot.jre.full.win32.x86_64_17.0.9.v20231028-0858/jre/bin;C:\Users\pavan\Downloads\jdk-17\bin;C:\Users\pavan\Downloads\jdk-17\bin\server;C:\Program Files (x86)\Java\jre1.8.0_301;C:\Users\pavan\AppData\Local\Android\Sdk\tools\bin;C:\Users\pavan\AppData\Local\Android\Sdk\tools;C:\Users\pavan\AppData\Local\Android\Sdk\platform-tools;C:\Program Files\Common Files\Oracle\Java\javapath;C:\WINDOWS\system32;C:\WINDOWS;C:\WINDOWS\System32\Wbem;C:\WINDOWS\System32\WindowsPowerShell\v1.0\;C:\WINDOWS\System32\OpenSSH\;C:\xampp\php;C:\ProgramData\ComposerSetup\bin;C:\Program Files (x86)\DevDesktop\drush_10;C:\Program Files\Java\jdk-14.0.2\bin;C:\Program Files\Java\jdk-17;C:\Program Files\Java\jdk-17\bin;C:\Users\pavan\eclipse-workspace\maven;C:\Program Files\dotnet\;C:\Program Files\Microsoft SQL Server\Client SDK\ODBC\170\Tools\Binn\;C:\Program Files (x86)\Microsoft SQL Server\150\Tools\Binn\;C:\Program Files\Microsoft SQL Server\150\Tools\Binn\;C:\Program Files\Microsoft SQL Server\150\DTS\Binn\;C:\Program Files\nodejs;C:\strawberry\c\bin;C:\strawberry\perl\bin;C:\Program Files\nodejs\node_modules\npm\bin;C:\Program Files\apache-maven-3.9.4-bin\apache-maven-3.9.4\bin;C:\pycharm\PyCharm Community Edition 2023.2.5\bin;C:\Program Files\PuTTY\;E:\Program Files\nodejs\;C:\Program Files\Git\cmd;E:\Maven\apache-maven-3.9.9-bin\apache-maven-3.9.9\bin;E:\Program Files\Java\jdk-21\bin;;C:\Program Files\Docker\Docker\resources\bin;C:\Program Files\MySQL\MySQL Shell 8.0\bin\;C:\Users\pavan\AppData\Local\Programs\Python\Python312\Scripts\;C:\Users\pavan\AppData\Local\Programs\Python\Python312\;C:\Users\pavan\AppData\Local\Microsoft\WindowsApps;C:\Users\pavan\AppData\Local\Programs\Microsoft VS Code\bin;C:\Users\pavan\AppData\Local\Android\Sdk\tools\bin;C:\Users\pavan\AppData\Local\Android\Sdk;C:\Users\pavan\AppData\Local\Android\Sdk\tools;C:\Users\pavan\AppData\Local\Android\Sdk\emulator;C:\Program Files\Android\Android Studio2;C:\Users\pavan\AppData\Local\Android\Sdk\platform-tools;C:\Program Files\nodejs;C:\Program Files\nodejs\node_modules\npm\bin;C:\Program Files\Java\jdk-19;C:\Program Files (x86)\Notepad++;C:\Users\pavan\AppData\Local\GitHubDesktop\bin;C:\Users\pavan\AppData\Local\JetBrains\IntelliJ IDEA 2023.2.1\bin;;C:\Program Files\apache-maven-3.9.6\bin;C:\Users\pavan\AppData\Roaming\npm;E:\Program Files\JetBrains\PyCharm Community Edition 2024.2.4\bin;;E:\apache-maven-3.9.9-bin;E:\apache-maven-3.9.9-bin\apache-maven-3.9.9\bin;E:\apache-maven-3.9.9-bin;;E:\Program Files\Docker Toolbox;E:\c downloads\eclipse-jee-2023-12-R-win32-x86_64\eclipse;
USERNAME=pavan
TERM=dumb
OS=Windows_NT
PROCESSOR_IDENTIFIER=Intel64 Family 6 Model 142 Stepping 12, GenuineIntel
TMP=C:\Users\pavan\AppData\Local\Temp
TEMP=C:\Users\pavan\AppData\Local\Temp




Periodic native trim disabled

---------------  S Y S T E M  ---------------

OS:
 Windows 11 , 64 bit Build 22621 (10.0.22621.5262)
OS uptime: 3 days 8:44 hours
Hyper-V role detected

CPU: total 8 (initial active 8) (4 cores per cpu, 2 threads per core) family 6 model 142 stepping 12 microcode 0xf8, cx8, cmov, fxsr, ht, mmx, 3dnowpref, sse, sse2, sse3, ssse3, sse4.1, sse4.2, popcnt, lzcnt, tsc, tscinvbit, avx, avx2, aes, erms, clmul, bmi1, bmi2, adx, fma, vzeroupper, clflush, clflushopt, hv, rdtscp, f16c
Processor Information for all 8 processors :
  Max Mhz: 2112, Current Mhz: 1609, Mhz Limit: 1605

Memory: 4k page, system-wide physical 20294M (645M free)
TotalPageFile size 67169M (AvailPageFile size 0M)
current process WorkingSet (physical memory assigned to process): 132M, peak: 132M
current process commit charge ("private bytes"): 255M, peak: 259M

vm_info: Java HotSpot(TM) 64-Bit Server VM (21.0.7+8-LTS-245) for windows-amd64 JRE (21.0.7+8-LTS-245), built on 2025-02-21T05:11:27Z by "mach5one" with MS VC++ 17.6 (VS2022)

END.
