#
# There is insufficient memory for the Java Runtime Environment to continue.
# Native memory allocation (mmap) failed to map 335544320 bytes for G1 virtual space
# Possible reasons:
#   The system is out of physical RAM or swap space
#   The process is running with CompressedOops enabled, and the Java Heap may be blocking the growth of the native heap
# Possible solutions:
#   Reduce memory load on the system
#   Increase physical memory or swap space
#   Check if swap backing store is full
#   Decrease Java heap size (-Xmx/-Xms)
#   Decrease number of Java threads
#   Decrease Java thread stack sizes (-Xss)
#   Set larger code cache with -XX:ReservedCodeCacheSize=
#   JVM is running with Zero Based Compressed Oops mode in which the Java heap is
#     placed in the first 32GB address space. The Java Heap base address is the
#     maximum limit for the native heap growth. Please use -XX:HeapBaseMinAddress
#     to set the Java Heap base and to place the Java Heap above 32GB virtual address.
# This output file may be truncated or incomplete.
#
#  Out of Memory Error (os_windows.cpp:3603), pid=14132, tid=27392
#
# JRE version:  (21.0.7+8) (build )
# Java VM: Java HotSpot(TM) 64-Bit Server VM (21.0.7+8-LTS-245, mixed mode, sharing, tiered, compressed oops, compressed class ptrs, g1 gc, windows-amd64)
# No core dump will be written. Minidumps are not enabled by default on client versions of Windows
#

---------------  S U M M A R Y ------------

Command Line: -Dmaven.home=EMBEDDED -Dclassworlds.conf=E:\Users\pavan\eclipse-workspace\new\.metadata\.plugins\org.eclipse.m2e.launching\launches\m2conf15501425461826811804.tmp -Dmaven.multiModuleProjectDirectory=E:\Users\pavan\eclipse-workspace\new\PlaywrightPomSeries -Dm2e.build.project.data.socket.port=2331 -Dfile.encoding=UTF-8 -Dstdout.encoding=UTF-8 -Dstderr.encoding=UTF-8 -XX:+ShowCodeDetailsInExceptionMessages org.codehaus.plexus.classworlds.launcher.Launcher -B -Dstyle.color=always test

Host: Intel(R) Core(TM) i5-10210U CPU @ 1.60GHz, 8 cores, 19G,  Windows 11 , 64 bit Build 22621 (10.0.22621.5262)
Time: Thu May  1 10:16:49 2025 India Standard Time elapsed time: 0.028544 seconds (0d 0h 0m 0s)

---------------  T H R E A D  ---------------

Current thread (0x000001cba9bb3680):  JavaThread "Unknown thread" [_thread_in_vm, id=27392, stack(0x000000bb29900000,0x000000bb29a00000) (1024K)]

Stack: [0x000000bb29900000,0x000000bb29a00000]
Native frames: (J=compiled Java code, j=interpreted, Vv=VM code, C=native code)
V  [jvm.dll+0x6cae19]
V  [jvm.dll+0x855741]
V  [jvm.dll+0x857c6e]
V  [jvm.dll+0x858343]
V  [jvm.dll+0x27e0b6]
V  [jvm.dll+0x6c7595]
V  [jvm.dll+0x6bc0fa]
V  [jvm.dll+0x353eaa]
V  [jvm.dll+0x35bb26]
V  [jvm.dll+0x3ae52e]
V  [jvm.dll+0x3ae7d8]
V  [jvm.dll+0x3281bc]
V  [jvm.dll+0x328d1b]
V  [jvm.dll+0x81eaf9]
V  [jvm.dll+0x3bb211]
V  [jvm.dll+0x807d78]
V  [jvm.dll+0x4503ee]
V  [jvm.dll+0x451fe1]
C  [jli.dll+0x52a3]
C  [ucrtbase.dll+0x29333]
C  [KERNEL32.DLL+0x1259d]
C  [ntdll.dll+0x5af58]


---------------  P R O C E S S  ---------------

Threads class SMR info:
_java_thread_list=0x00007ffcdc10cc48, length=0, elements={
}

Java Threads: ( => current thread )
Total: 0

Other Threads:
  0x000001cba9dde780 WorkerThread "GC Thread#0"                     [id=16228, stack(0x000000bb29a00000,0x000000bb29b00000) (1024K)]
  0x000001cba9de9f40 ConcurrentGCThread "G1 Main Marker"            [id=30660, stack(0x000000bb29b00000,0x000000bb29c00000) (1024K)]
  0x000001cba9deaa40 WorkerThread "G1 Conc#0"                       [id=16472, stack(0x000000bb29c00000,0x000000bb29d00000) (1024K)]

[error occurred during error reporting (printing all threads), id 0xc0000005, EXCEPTION_ACCESS_VIOLATION (0xc0000005) at pc=0x00007ffcdb87a947]
VM state: not at safepoint (not fully initialized)

VM Mutex/Monitor currently owned by a thread:  ([mutex/lock_event])
[0x00007ffcdc17df50] Heap_lock - owner thread: 0x000001cba9bb3680

Heap address: 0x00000006c2c00000, size: 5076 MB, Compressed Oops mode: Zero based, Oop shift amount: 3

CDS archive(s) mapped at: [0x0000000000000000-0x0000000000000000-0x0000000000000000), size 0, SharedBaseAddress: 0x0000000800000000, ArchiveRelocationMode: 1.
Narrow klass base: 0x0000000000000000, Narrow klass shift: 0, Narrow klass range: 0x0

GC Precious Log:
 CardTable entry size: 512
 Card Set container configuration: InlinePtr #cards 4 size 8 Array Of Cards #cards 32 size 80 Howl #buckets 8 coarsen threshold 7372 Howl Bitmap #cards 1024 size 144 coarsen threshold 921 Card regions per heap region 1 cards per card region 8192

Heap:
 garbage-first heap   total 0K, used 0K [0x00000006c2c00000, 0x0000000800000000)
  region size 4096K, 0 young (0K), 0 survivors (0K)

[error occurred during error reporting (printing heap information), id 0xc0000005, EXCEPTION_ACCESS_VIOLATION (0xc0000005) at pc=0x00007ffcdbc63e79]
GC Heap History (0 events):
No events

Dll operation events (1 events):
Event: 0.009 Loaded shared library E:\Program Files\Java\jdk-21\bin\java.dll

Deoptimization events (0 events):
No events

Classes loaded (0 events):
No events

Classes unloaded (0 events):
No events

Classes redefined (0 events):
No events

Internal exceptions (0 events):
No events

ZGC Phase Switch (0 events):
No events

VM Operations (0 events):
No events

Events (0 events):
No events


Dynamic libraries:
0x00007ff6341e0000 - 0x00007ff6341f0000 	E:\Program Files\Java\jdk-21\bin\javaw.exe
0x00007ffd9c4b0000 - 0x00007ffd9c6c7000 	C:\WINDOWS\SYSTEM32\ntdll.dll
0x00007ffd9b6f0000 - 0x00007ffd9b7b4000 	C:\WINDOWS\System32\KERNEL32.DLL
0x00007ffd99960000 - 0x00007ffd99d33000 	C:\WINDOWS\System32\KERNELBASE.dll
0x00007ffd99720000 - 0x00007ffd99831000 	C:\WINDOWS\System32\ucrtbase.dll
0x00007ffd51670000 - 0x00007ffd5168b000 	E:\Program Files\Java\jdk-21\bin\VCRUNTIME140.dll
0x00007ffd526b0000 - 0x00007ffd526c9000 	E:\Program Files\Java\jdk-21\bin\jli.dll
0x00007ffd9a910000 - 0x00007ffd9a9c1000 	C:\WINDOWS\System32\ADVAPI32.dll
0x00007ffd9bea0000 - 0x00007ffd9bf47000 	C:\WINDOWS\System32\msvcrt.dll
0x00007ffd9b640000 - 0x00007ffd9b6e7000 	C:\WINDOWS\System32\sechost.dll
0x00007ffd99ff0000 - 0x00007ffd9a018000 	C:\WINDOWS\System32\bcrypt.dll
0x00007ffd9c080000 - 0x00007ffd9c194000 	C:\WINDOWS\System32\RPCRT4.dll
0x00007ffd9c220000 - 0x00007ffd9c3d1000 	C:\WINDOWS\System32\USER32.dll
0x00007ffd995b0000 - 0x00007ffd995d6000 	C:\WINDOWS\System32\win32u.dll
0x00007ffd9a810000 - 0x00007ffd9a839000 	C:\WINDOWS\System32\GDI32.dll
0x00007ffd85d50000 - 0x00007ffd85feb000 	C:\WINDOWS\WinSxS\amd64_microsoft.windows.common-controls_6595b64144ccf1df_6.0.22621.5262_none_2712bde373830908\COMCTL32.dll
0x00007ffd9a020000 - 0x00007ffd9a142000 	C:\WINDOWS\System32\gdi32full.dll
0x00007ffd998c0000 - 0x00007ffd9995a000 	C:\WINDOWS\System32\msvcp_win.dll
0x00007ffd925a0000 - 0x00007ffd925aa000 	C:\WINDOWS\SYSTEM32\VERSION.dll
0x00007ffd9b600000 - 0x00007ffd9b631000 	C:\WINDOWS\System32\IMM32.DLL
0x00007ffd95620000 - 0x00007ffd9562c000 	E:\Program Files\Java\jdk-21\bin\vcruntime140_1.dll
0x00007ffd28ac0000 - 0x00007ffd28b4e000 	E:\Program Files\Java\jdk-21\bin\msvcp140.dll
0x00007ffcdb540000 - 0x00007ffcdc25a000 	E:\Program Files\Java\jdk-21\bin\server\jvm.dll
0x00007ffd9c1a0000 - 0x00007ffd9c211000 	C:\WINDOWS\System32\WS2_32.dll
0x00007ffd99490000 - 0x00007ffd994dd000 	C:\WINDOWS\SYSTEM32\POWRPROF.dll
0x00007ffd91070000 - 0x00007ffd910a4000 	C:\WINDOWS\SYSTEM32\WINMM.dll
0x00007ffd99470000 - 0x00007ffd99483000 	C:\WINDOWS\SYSTEM32\UMPDC.dll
0x00007ffd985b0000 - 0x00007ffd985c8000 	C:\WINDOWS\SYSTEM32\kernel.appcore.dll
0x00007ffd71350000 - 0x00007ffd7135a000 	E:\Program Files\Java\jdk-21\bin\jimage.dll
0x00007ffd96e90000 - 0x00007ffd970c2000 	C:\WINDOWS\SYSTEM32\DBGHELP.DLL
0x00007ffd9b910000 - 0x00007ffd9bca3000 	C:\WINDOWS\System32\combase.dll
0x00007ffd9b7c0000 - 0x00007ffd9b897000 	C:\WINDOWS\System32\OLEAUT32.dll
0x00007ffd906c0000 - 0x00007ffd906f2000 	C:\WINDOWS\SYSTEM32\dbgcore.DLL
0x00007ffd99840000 - 0x00007ffd998bb000 	C:\WINDOWS\System32\bcryptPrimitives.dll
0x00007ffd51650000 - 0x00007ffd5166f000 	E:\Program Files\Java\jdk-21\bin\java.dll

dbghelp: loaded successfully - version: 4.0.5 - missing functions: none
symbol engine: initialized successfully - sym options: 0x614 - pdb path: .;E:\Program Files\Java\jdk-21\bin;C:\WINDOWS\SYSTEM32;C:\WINDOWS\WinSxS\amd64_microsoft.windows.common-controls_6595b64144ccf1df_6.0.22621.5262_none_2712bde373830908;E:\Program Files\Java\jdk-21\bin\server

VM Arguments:
jvm_args: -Dmaven.home=EMBEDDED -Dclassworlds.conf=E:\Users\pavan\eclipse-workspace\new\.metadata\.plugins\org.eclipse.m2e.launching\launches\m2conf15501425461826811804.tmp -Dmaven.multiModuleProjectDirectory=E:\Users\pavan\eclipse-workspace\new\PlaywrightPomSeries -Dm2e.build.project.data.socket.port=2331 -Dfile.encoding=UTF-8 -Dstdout.encoding=UTF-8 -Dstderr.encoding=UTF-8 -XX:+ShowCodeDetailsInExceptionMessages 
java_command: org.codehaus.plexus.classworlds.launcher.Launcher -B -Dstyle.color=always test
java_class_path (initial): E:\c downloads\eclipse-jee-2023-12-R-win32-x86_64\eclipse\plugins\org.eclipse.m2e.maven.runtime_3.9.500.20231113-2345\jars\plexus-classworlds-2.7.0.jar
Launcher Type: SUN_STANDARD

[Global flags]
     intx CICompilerCount                          = 4                                         {product} {ergonomic}
     uint ConcGCThreads                            = 2                                         {product} {ergonomic}
     uint G1ConcRefinementThreads                  = 8                                         {product} {ergonomic}
   size_t G1HeapRegionSize                         = 4194304                                   {product} {ergonomic}
    uintx GCDrainStackTargetSize                   = 64                                        {product} {ergonomic}
   size_t InitialHeapSize                          = 335544320                                 {product} {ergonomic}
   size_t MarkStackSize                            = 4194304                                   {product} {ergonomic}
   size_t MaxHeapSize                              = 5322571776                                {product} {ergonomic}
   size_t MinHeapDeltaBytes                        = 4194304                                   {product} {ergonomic}
   size_t MinHeapSize                              = 8388608                                   {product} {ergonomic}
    uintx NonNMethodCodeHeapSize                   = 5839372                                {pd product} {ergonomic}
    uintx NonProfiledCodeHeapSize                  = 122909434                              {pd product} {ergonomic}
    uintx ProfiledCodeHeapSize                     = 122909434                              {pd product} {ergonomic}
    uintx ReservedCodeCacheSize                    = 251658240                              {pd product} {ergonomic}
     bool SegmentedCodeCache                       = true                                      {product} {ergonomic}
     bool ShowCodeDetailsInExceptionMessages       = true                                   {manageable} {command line}
   size_t SoftMaxHeapSize                          = 5322571776                             {manageable} {ergonomic}
     bool UseCompressedOops                        = true                           {product lp64_product} {ergonomic}
     bool UseG1GC                                  = true                                      {product} {ergonomic}
     bool UseLargePagesIndividualAllocation        = false                                  {pd product} {ergonomic}

Logging:
Log output configuration:
 #0: stdout all=warning uptime,level,tags foldmultilines=false
 #1: stderr all=off uptime,level,tags foldmultilines=false

Environment Variables:
JAVA_HOME=E:\Program Files\Java\jdk-21
PATH=E:/c downloads/eclipse-jee-2023-12-R-win32-x86_64/eclipse//plugins/org.eclipse.justj.openjdk.hotspot.jre.full.win32.x86_64_17.0.9.v20231028-0858/jre/bin/server;E:/c downloads/eclipse-jee-2023-12-R-win32-x86_64/eclipse//plugins/org.eclipse.justj.openjdk.hotspot.jre.full.win32.x86_64_17.0.9.v20231028-0858/jre/bin;C:\Users\pavan\Downloads\jdk-17\bin;C:\Users\pavan\Downloads\jdk-17\bin\server;C:\Program Files (x86)\Java\jre1.8.0_301;C:\Users\pavan\AppData\Local\Android\Sdk\tools\bin;C:\Users\pavan\AppData\Local\Android\Sdk\tools;C:\Users\pavan\AppData\Local\Android\Sdk\platform-tools;C:\Program Files\Common Files\Oracle\Java\javapath;C:\WINDOWS\system32;C:\WINDOWS;C:\WINDOWS\System32\Wbem;C:\WINDOWS\System32\WindowsPowerShell\v1.0\;C:\WINDOWS\System32\OpenSSH\;C:\xampp\php;C:\ProgramData\ComposerSetup\bin;C:\Program Files (x86)\DevDesktop\drush_10;C:\Program Files\Java\jdk-14.0.2\bin;C:\Program Files\Java\jdk-17;C:\Program Files\Java\jdk-17\bin;C:\Users\pavan\eclipse-workspace\maven;C:\Program Files\dotnet\;C:\Program Files\Microsoft SQL Server\Client SDK\ODBC\170\Tools\Binn\;C:\Program Files (x86)\Microsoft SQL Server\150\Tools\Binn\;C:\Program Files\Microsoft SQL Server\150\Tools\Binn\;C:\Program Files\Microsoft SQL Server\150\DTS\Binn\;C:\Program Files\nodejs;C:\strawberry\c\bin;C:\strawberry\perl\bin;C:\Program Files\nodejs\node_modules\npm\bin;C:\Program Files\apache-maven-3.9.4-bin\apache-maven-3.9.4\bin;C:\pycharm\PyCharm Community Edition 2023.2.5\bin;C:\Program Files\PuTTY\;E:\Program Files\nodejs\;C:\Program Files\Git\cmd;E:\Maven\apache-maven-3.9.9-bin\apache-maven-3.9.9\bin;E:\Program Files\Java\jdk-21\bin;;C:\Program Files\Docker\Docker\resources\bin;C:\Program Files\MySQL\MySQL Shell 8.0\bin\;C:\Users\pavan\AppData\Local\Programs\Python\Python312\Scripts\;C:\Users\pavan\AppData\Local\Programs\Python\Python312\;C:\Users\pavan\AppData\Local\Microsoft\WindowsApps;C:\Users\pavan\AppData\Local\Programs\Microsoft VS Code\bin;C:\Users\pavan\AppData\Local\Android\Sdk\tools\bin;C:\Users\pavan\AppData\Local\Android\Sdk;C:\Users\pavan\AppData\Local\Android\Sdk\tools;C:\Users\pavan\AppData\Local\Android\Sdk\emulator;C:\Program Files\Android\Android Studio2;C:\Users\pavan\AppData\Local\Android\Sdk\platform-tools;C:\Program Files\nodejs;C:\Program Files\nodejs\node_modules\npm\bin;C:\Program Files\Java\jdk-19;C:\Program Files (x86)\Notepad++;C:\Users\pavan\AppData\Local\GitHubDesktop\bin;C:\Users\pavan\AppData\Local\JetBrains\IntelliJ IDEA 2023.2.1\bin;;C:\Program Files\apache-maven-3.9.6\bin;C:\Users\pavan\AppData\Roaming\npm;E:\Program Files\JetBrains\PyCharm Community Edition 2024.2.4\bin;;E:\apache-maven-3.9.9-bin;E:\apache-maven-3.9.9-bin\apache-maven-3.9.9\bin;E:\apache-maven-3.9.9-bin;;E:\Program Files\Docker Toolbox;E:\c downloads\eclipse-jee-2023-12-R-win32-x86_64\eclipse;
USERNAME=pavan
TERM=dumb
OS=Windows_NT
PROCESSOR_IDENTIFIER=Intel64 Family 6 Model 142 Stepping 12, GenuineIntel
TMP=C:\Users\pavan\AppData\Local\Temp
TEMP=C:\Users\pavan\AppData\Local\Temp




Periodic native trim disabled

---------------  S Y S T E M  ---------------

OS:
 Windows 11 , 64 bit Build 22621 (10.0.22621.5262)
OS uptime: 3 days 8:41 hours
Hyper-V role detected

CPU: total 8 (initial active 8) (4 cores per cpu, 2 threads per core) family 6 model 142 stepping 12 microcode 0xf8, cx8, cmov, fxsr, ht, mmx, 3dnowpref, sse, sse2, sse3, ssse3, sse4.1, sse4.2, popcnt, lzcnt, tsc, tscinvbit, avx, avx2, aes, erms, clmul, bmi1, bmi2, adx, fma, vzeroupper, clflush, clflushopt, hv, rdtscp, f16c
Processor Information for all 8 processors :
  Max Mhz: 2112, Current Mhz: 1609, Mhz Limit: 1605

Memory: 4k page, system-wide physical 20294M (1109M free)
TotalPageFile size 67074M (AvailPageFile size 181M)
current process WorkingSet (physical memory assigned to process): 12M, peak: 12M
current process commit charge ("private bytes"): 60M, peak: 380M

vm_info: Java HotSpot(TM) 64-Bit Server VM (21.0.7+8-LTS-245) for windows-amd64 JRE (21.0.7+8-LTS-245), built on 2025-02-21T05:11:27Z by "mach5one" with MS VC++ 17.6 (VS2022)

END.
